{
  "stats": {
    "suites": 1,
    "tests": 2,
    "passes": 1,
    "pending": 0,
    "failures": 1,
    "start": "2023-06-17T13:14:32.865Z",
    "end": "2023-06-17T13:14:33.123Z",
    "duration": 258,
    "testsRegistered": 2,
    "passPercent": 50,
    "pendingPercent": 0,
    "other": 0,
    "hasOther": false,
    "skipped": 0,
    "hasSkipped": false
  },
  "results": [
    {
      "uuid": "e715fbe0-d2bd-476e-b5b5-ee54f9cb028e",
      "title": "",
      "fullFile": "cypress/e2e/Test/sample.cy.js",
      "file": "cypress/e2e/Test/sample.cy.js",
      "beforeHooks": [],
      "afterHooks": [],
      "tests": [],
      "suites": [
        {
          "uuid": "218113ab-5046-40ce-9132-c22f3b59de70",
          "title": "First test Suite",
          "fullFile": "",
          "file": "",
          "beforeHooks": [],
          "afterHooks": [],
          "tests": [
            {
              "title": "First test",
              "fullTitle": "First test Suite First test",
              "timedOut": null,
              "duration": 28,
              "state": "passed",
              "speed": "fast",
              "pass": true,
              "fail": false,
              "pending": false,
              "context": "{\n  \"title\": \"cypress-mochawesome-reporter-videos-passed\",\n  \"value\": \"cypress/e2e/Test/sample.cy.js\"\n}",
              "code": "expect(true).to.equal(true);",
              "err": {},
              "uuid": "fba3603f-9ee6-472f-80d7-22017d08f8f4",
              "parentUUID": "218113ab-5046-40ce-9132-c22f3b59de70",
              "isHook": false,
              "skipped": false
            },
            {
              "title": "Second test",
              "fullTitle": "First test Suite Second test",
              "timedOut": null,
              "duration": 193,
              "state": "failed",
              "speed": null,
              "pass": false,
              "fail": true,
              "pending": false,
              "context": "[\n  {\n    \"title\": \"cypress-mochawesome-reporter-videos-failed\",\n    \"value\": \"cypress/e2e/Test/sample.cy.js\"\n  },\n  {\n    \"title\": \"cypress-mochawesome-reporter-screenshots\",\n    \"value\": [\n      [\n        \"/Test/sample.cy.js/First test Suite -- Second test (failed).png\"\n      ]\n    ]\n  }\n]",
              "code": "expect(true).to.equal(false);",
              "err": {
                "message": "AssertionError: expected true to equal false",
                "estack": "AssertionError: expected true to equal false\n    at Context.eval (webpack:///./cypress/e2e/Test/sample.cy.js:6:24)",
                "diff": null
              },
              "uuid": "6e6736ec-6f10-42e2-bba0-8fb0547befbf",
              "parentUUID": "218113ab-5046-40ce-9132-c22f3b59de70",
              "isHook": false,
              "skipped": false
            }
          ],
          "suites": [],
          "passes": [
            "fba3603f-9ee6-472f-80d7-22017d08f8f4"
          ],
          "failures": [
            "6e6736ec-6f10-42e2-bba0-8fb0547befbf"
          ],
          "pending": [],
          "skipped": [],
          "duration": 221,
          "root": false,
          "rootEmpty": false,
          "_timeout": 2000
        }
      ],
      "passes": [],
      "failures": [],
      "pending": [],
      "skipped": [],
      "duration": 0,
      "root": true,
      "rootEmpty": true,
      "_timeout": 2000
    }
  ],
  "meta": {
    "mocha": {
      "version": "7.0.1"
    },
    "mochawesome": {
      "options": {
        "quiet": false,
        "reportFilename": "mochawesome",
        "saveHtml": true,
        "saveJson": true,
        "consoleReporter": "spec",
        "useInlineDiffs": false,
        "code": true
      },
      "version": "7.1.3"
    },
    "marge": {
      "options": null,
      "version": "6.2.0"
    }
  }
}